<?xml version="1.0" encoding="UTF-8"?>
<!-- Generated by org.testng.reporters.JUnitReportReporter -->
<testsuite hostname="DESKTOP-220FLGH" failures="0" tests="1" name="robot.robotclassdemo" time="45.838" errors="0" timestamp="2023-08-17T13:54:23 IST" skipped="0">
  <testcase classname="robot.robotclassdemo" name="tc1" time="45.838"/>
  <system-out/>
</testsuite> <!-- robot.robotclassdemo -->
