<?xml version="1.0" encoding="UTF-8"?>
<!-- Generated by org.testng.reporters.JUnitReportReporter -->
<testsuite hostname="DESKTOP-220FLGH" failures="0" tests="2" name="DataProvider.DataProviderDemo" time="24.648" errors="0" timestamp="2023-08-26T14:22:28 IST" skipped="0">
  <testcase classname="DataProvider.DataProviderDemo" name="Tc1" time="15.346"/>
  <system-out/>
  <testcase classname="DataProvider.DataProviderDemo" name="Tc1" time="9.302"/>
  <system-out/>
</testsuite> <!-- DataProvider.DataProviderDemo -->
