<?xml version="1.0" encoding="UTF-8"?>
<!-- Generated by org.testng.reporters.JUnitReportReporter -->
<testsuite hostname="DESKTOP-220FLGH" failures="0" tests="1" name="mavenClass.testngdemo" time="0.010" errors="0" timestamp="2023-08-06T16:15:26 IST" skipped="0">
  <testcase classname="mavenClass.testngdemo" name="tec1" time="0.010"/>
  <system-out/>
</testsuite> <!-- mavenClass.testngdemo -->
