<?xml version="1.0" encoding="UTF-8"?>
<!-- Generated by org.testng.reporters.JUnitReportReporter -->
<testsuite hostname="DESKTOP-220FLGH" failures="0" tests="1" name="Javascriptexecuter.Scrollupanddowndemo" time="11.986" errors="0" timestamp="2023-08-19T15:37:49 IST" skipped="0">
  <testcase classname="Javascriptexecuter.Scrollupanddowndemo" name="tc1" time="11.986"/>
  <system-out/>
</testsuite> <!-- Javascriptexecuter.Scrollupanddowndemo -->
