<?xml version="1.0" encoding="UTF-8"?>
<!-- Generated by org.testng.reporters.JUnitReportReporter -->
<testsuite hostname="DESKTOP-220FLGH" failures="0" tests="1" name="Screenshot.Screenshotdemo" time="14.699" errors="0" timestamp="2023-08-16T15:39:50 IST" skipped="0">
  <testcase classname="Screenshot.Screenshotdemo" name="tc1" time="14.699"/>
  <system-out/>
</testsuite> <!-- Screenshot.Screenshotdemo -->
