<?xml version="1.0" encoding="UTF-8"?>
<!-- Generated by org.testng.reporters.JUnitReportReporter -->
<testsuite hostname="DESKTOP-220FLGH" failures="0" tests="1" name="Javascriptexecuter.javaScriptexecuterDemo" time="15.776" errors="0" timestamp="2023-08-19T15:41:30 IST" skipped="0">
  <testcase classname="Javascriptexecuter.javaScriptexecuterDemo" name="tc1" time="15.776"/>
  <system-out/>
</testsuite> <!-- Javascriptexecuter.javaScriptexecuterDemo -->
