<?xml version="1.0" encoding="UTF-8"?>
<!-- Generated by org.testng.reporters.JUnitReportReporter -->
<testsuite hostname="DESKTOP-220FLGH" failures="0" tests="1" name="newProj.fbLogin" time="13.463" errors="0" timestamp="2023-08-15T12:26:28 IST" skipped="0">
  <testcase classname="newProj.fbLogin" name="TC1" time="13.463"/>
  <system-out/>
</testsuite> <!-- newProj.fbLogin -->
