<?xml version="1.0" encoding="UTF-8"?>
<!-- Generated by org.testng.reporters.JUnitReportReporter -->
<testsuite hostname="DESKTOP-220FLGH" failures="0" tests="1" name="adactinhotel.Adactinhotel" time="48.067" errors="0" timestamp="2023-08-16T14:06:21 IST" skipped="0">
  <testcase classname="adactinhotel.Adactinhotel" name="tcl" time="48.067"/>
  <system-out/>
</testsuite> <!-- adactinhotel.Adactinhotel -->
