<?xml version="1.0" encoding="UTF-8"?>
<!-- Generated by org.testng.reporters.JUnitReportReporter -->
<testsuite hostname="DESKTOP-220FLGH" failures="0" tests="3" name="grouping.GroupingDemo" time="0.018" errors="0" timestamp="2023-08-26T14:25:56 IST" skipped="0">
  <testcase classname="grouping.GroupingDemo" name="tc2" time="0.012"/>
  <system-out/>
  <testcase classname="grouping.GroupingDemo" name="tc4" time="0.003"/>
  <system-out/>
  <testcase classname="grouping.GroupingDemo" name="tc3" time="0.003"/>
  <system-out/>
</testsuite> <!-- grouping.GroupingDemo -->
