<?xml version="1.0" encoding="UTF-8"?>
<!-- Generated by org.testng.reporters.JUnitReportReporter -->
<testsuite hostname="DESKTOP-220FLGH" failures="0" tests="1" name="autosuggestion.Autosuggestiondemo" time="73.540" errors="0" timestamp="2023-08-21T21:37:11 IST" skipped="0">
  <testcase classname="autosuggestion.Autosuggestiondemo" name="Autosuggestion" time="73.540"/>
  <system-out/>
</testsuite> <!-- autosuggestion.Autosuggestiondemo -->
